(Type: node, ID: 560769061) Stockport Rd ==> Stockport Road
(Type: node, ID: 893018192) Pasir Ris Dr 6 ==> Pasir Ris Drive 6
(Type: node, ID: 893019062) Pasir Ris Dr 6 ==> Pasir Ris Drive 6
(Type: node, ID: 1318498258) Jln Pelatina ==> Jalan Pelatina
(Type: node, ID: 1318498279) Jln Pelatina ==> Jalan Pelatina
(Type: node, ID: 1318498296) Jln Pelatina ==> Jalan Pelatina
(Type: node, ID: 1318498304) Jupiter Rd ==> Jupiter Road
(Type: node, ID: 1318498321) Jln Pelatina ==> Jalan Pelatina
(Type: node, ID: 1318498347) Jln Pelatina ==> Jalan Pelatina
(Type: node, ID: 1318498355) Libra Dr ==> Libra Drive
(Type: node, ID: 1318498379) Jln Pelatina ==> Jalan Pelatina
(Type: node, ID: 1318498380) Jln Pelatina ==> Jalan Pelatina
(Type: node, ID: 1318498385) Jln Pelatina ==> Jalan Pelatina
(Type: node, ID: 1318498389) Jln Pelatina ==> Jalan Pelatina
(Type: node, ID: 1318504331) Sin Min Ave ==> Sin Min Avenue
(Type: node, ID: 1318504342) Sin Min Ave ==> Sin Min Avenue
(Type: node, ID: 1318504343) Sin Min Ave ==> Sin Min Avenue
(Type: node, ID: 1834207944) Ubi Ave 1 ==> Ubi Avenue 1
(Type: node, ID: 2045955966) Sengkan West Ave ==> Sengkang West Avenue
(Type: node, ID: 2206339911) Yuan Ching road ==> Yuan Ching Road
(Type: node, ID: 2424592455) Bayfront Avebue ==> Bayfront Avenue
(Type: node, ID: 2430900970) Lor Telok ==> Lorong Telok
(Type: node, ID: 2491830720) Clementi Ave 1 ==> Clementi Avenue 1
(Type: node, ID: 2639527964) Smith street ==> Smith Street
(Type: node, ID: 2730498625) Ang Mo Kio Ave 4 ==> Ang Mo Kio Avenue 4
(Type: node, ID: 2735583358) Tanjong Pagar Rd ==> Tanjong Pagar Road
(Type: node, ID: 2900119956) Geylang East Ave 3 ==> Geylang East Avenue 3
(Type: node, ID: 2988807958) Bukit Batok East Ave 5 ==> Bukit Batok East Avenue 5
(Type: node, ID: 3726956638) Bukit Timah Rd ==> Bukit Timah Road
(Type: node, ID: 3732445441) Lor Liput ==> Lorong Liput
(Type: node, ID: 3759860811) Gopeng St ==> Gopeng Street
(Type: node, ID: 3759860812) Gopeng St ==> Gopeng Street
(Type: node, ID: 3759861922) Gopeng St ==> Gopeng Street
(Type: node, ID: 3759861923) Gopeng St ==> Gopeng Street
(Type: node, ID: 3759861924) Gopeng St ==> Gopeng Street
(Type: node, ID: 3823745076) One-north Gateway ==> One-North Gateway
(Type: node, ID: 4146933355) jalan kubor ==> Jalan Kubor
(Type: node, ID: 4228154192) Worchester Road
 ==> Worchester Road
(Type: node, ID: 4302905836) Macpherson Road ==> MacPherson Road
(Type: node, ID: 4302906011) Mackenzie Road ==> MacKenzie Road
(Type: node, ID: 4302906073) Mackenzie Road ==> MacKenzie Road
(Type: node, ID: 4330497689) newton Road ==> Newton Road
(Type: node, ID: 4391496889) ah soo garden ==> Ah Soo Garden
(Type: way, ID: 46515799) Orchard Rd ==> Orchard Road
(Type: way, ID: 77181572) Clementi Ave 2 ==> Clementi Avenue 2
(Type: way, ID: 94642359) Jurong West St 92 ==> Jurong West Street 92
(Type: way, ID: 97801934) Jurong West St 65 ==> Jurong West Street 65
(Type: way, ID: 99862506) Ang Mo Kio avenue 3 ==> Ang Mo Kio Avenue 3
(Type: way, ID: 101198223) Hillview Ave ==> Hillview Avenue
(Type: way, ID: 102574096) Ang Mo Kio Ave 3 ==> Ang Mo Kio Avenue 3
(Type: way, ID: 102574097) Ang Mo Kio Ave 3 ==> Ang Mo Kio Avenue 3
(Type: way, ID: 102574098) Ang Mo Kio Ave 3 ==> Ang Mo Kio Avenue 3
(Type: way, ID: 102574099) Ang Mo Kio Ave 3 ==> Ang Mo Kio Avenue 3
(Type: way, ID: 102574853) Ang Mo Kio Ave 3 ==> Ang Mo Kio Avenue 3
(Type: way, ID: 117039986) Upper Thomson Rd ==> Upper Thomson Road
(Type: way, ID: 117159007) Serangoon Aenue 1 ==> Serangoon Avenue 1
(Type: way, ID: 126514944) Lor Telok ==> Lorong Telok
(Type: way, ID: 126514948) Lor Telok ==> Lorong Telok
(Type: way, ID: 126514950) Lor Telok ==> Lorong Telok
(Type: way, ID: 144375613) Woodlands Ave 1 ==> Woodlands Avenue 1
(Type: way, ID: 152598430) Gopeng St ==> Gopeng Street
(Type: way, ID: 153136690) Ang Mo Kio Ave 6 ==> Ang Mo Kio Avenue 6
(Type: way, ID: 155980025) St Andrew's Road ==> St. Andrew's Road
(Type: way, ID: 155986468) queen Street ==> Queen Street
(Type: way, ID: 157675859) Bright Hill Dr ==> Bright Hill Drive
(Type: way, ID: 166083074) Clementi Ave 2 ==> Clementi Avenue 2
(Type: way, ID: 169105361) Gloucester road ==> Gloucester Road
(Type: way, ID: 169105362) Gloucester road ==> Gloucester Road
(Type: way, ID: 169106251) Gloucester road ==> Gloucester Road
(Type: way, ID: 169106252) Gloucester road ==> Gloucester Road
(Type: way, ID: 172092339) Macalister Road ==> MacAlister Road
(Type: way, ID: 172092356) Macalister Road ==> MacAlister Road
(Type: way, ID: 172363383) Jln Bkt Ho Swee ==> Jalan Bukit Ho Swee
(Type: way, ID: 172748745) Nanson road ==> Nanson Road
(Type: way, ID: 172775150) Lor Telok ==> Lorong Telok
(Type: way, ID: 172775154) Lor Telok ==> Lorong Telok
(Type: way, ID: 172775165) Lor Telok ==> Lorong Telok
(Type: way, ID: 172775173) Lor Telok ==> Lorong Telok
(Type: way, ID: 172775180) Lor Telok ==> Lorong Telok
(Type: way, ID: 172775185) Lor Telok ==> Lorong Telok
(Type: way, ID: 172775189) Lor Telok ==> Lorong Telok
(Type: way, ID: 172775200) Lor Telok ==> Lorong Telok
(Type: way, ID: 172775223) Lor Telok ==> Lorong Telok
(Type: way, ID: 172775256) Lor Telok ==> Lorong Telok
(Type: way, ID: 172775273) Lor Telok ==> Lorong Telok
(Type: way, ID: 172775308) Lor Telok ==> Lorong Telok
(Type: way, ID: 172775341) Lor Telok ==> Lorong Telok
(Type: way, ID: 172775366) Lor Telok ==> Lorong Telok
(Type: way, ID: 172775370) Lor Telok ==> Lorong Telok
(Type: way, ID: 173235531) Tampines Industrial Ave 5 ==> Tampines Industrial Avenue 5
(Type: way, ID: 175384928) Clementi St 14 ==> Clementi Street 14
(Type: way, ID: 175385778) Clementi St 14 ==> Clementi Street 14
(Type: way, ID: 175386003) Clementi St 14 ==> Clementi Street 14
(Type: way, ID: 175386025) Clementi St 14 ==> Clementi Street 14
(Type: way, ID: 178929350) Mackenzie Road ==> MacKenzie Road
(Type: way, ID: 180551370) Lor Sarina ==> Lorong Sarina
(Type: way, ID: 180551375) Lor Sarina ==> Lorong Sarina
(Type: way, ID: 180551376) Lor Sarina ==> Lorong Sarina
(Type: way, ID: 180551378) Lor Sarina ==> Lorong Sarina
(Type: way, ID: 180551380) Lor Sarina ==> Lorong Sarina
(Type: way, ID: 180551381) Lor Sarina ==> Lorong Sarina
(Type: way, ID: 180551392) Lor Sarina ==> Lorong Sarina
(Type: way, ID: 180551394) Lor Sarina ==> Lorong Sarina
(Type: way, ID: 180551396) Lor Sarina ==> Lorong Sarina
(Type: way, ID: 180551398) Lor Sarina ==> Lorong Sarina
(Type: way, ID: 180551399) Lor Sarina ==> Lorong Sarina
(Type: way, ID: 180551401) Lor Sarina ==> Lorong Sarina
(Type: way, ID: 180551403) Lor Sarina ==> Lorong Sarina
(Type: way, ID: 180551404) Lor Sarina ==> Lorong Sarina
(Type: way, ID: 180551406) Lor Sarina ==> Lorong Sarina
(Type: way, ID: 180551407) Lor Sarina ==> Lorong Sarina
(Type: way, ID: 182812581) Upp Bt Timah View ==> Upper Bukit Timah View
(Type: way, ID: 182812582) Upp Bt Timah View ==> Upper Bukit Timah View
(Type: way, ID: 182812583) Upp Bt Timah View ==> Upper Bukit Timah View
(Type: way, ID: 182812584) Upp Bt Timah View ==> Upper Bukit Timah View
(Type: way, ID: 182812586) Upp Bt Timah View ==> Upper Bukit Timah View
(Type: way, ID: 198102690) St Wilfred Road ==> St. Wilfred Road
(Type: way, ID: 198458289) Ang Mo Kio St 62 ==> Ang Mo Kio Street 62
(Type: way, ID: 198458293) Ang Mo Kio St 62 ==> Ang Mo Kio Street 62
(Type: way, ID: 198458302) Ang Mo Kio St 62 ==> Ang Mo Kio Street 62
(Type: way, ID: 204784600) Elias terrace ==> Elias Terrace
(Type: way, ID: 219978853) Sector B Sin Ming Ind Estate ==> Sector B Sin Ming Industrial Estate
(Type: way, ID: 238927731) Choa Chu Kang Cresent ==> Choa Chu Kang Crescent
(Type: way, ID: 254607330) Malcolm Rd ==> Malcolm Road
(Type: way, ID: 256974403) Bukit Timah Rd ==> Bukit Timah Road
(Type: way, ID: 257193597) chinese garden road ==> Chinese Garden Road
(Type: way, ID: 292420437) Lor Ah Soo ==> Lorong Ah Soo
(Type: way, ID: 305875559) serangoon Avenue 3 ==> Serangoon Avenue 3
(Type: way, ID: 305877256) serangoon avenue 2 ==> Serangoon Avenue 2
(Type: way, ID: 316621055) St Patrick's Road ==> St. Patrick's Road
(Type: way, ID: 325793750) Gopeng St ==> Gopeng Street
(Type: way, ID: 325793752) Gopeng St ==> Gopeng Street
(Type: way, ID: 333548188) Towner Rd ==> Towner Road
(Type: way, ID: 372071729) Saint Martin's Drive ==> St. Martin's Drive
(Type: way, ID: 372071749) Saint Martin's Drive ==> St. Martin's Drive
(Type: way, ID: 372071842) Saint Martin's Drive ==> St. Martin's Drive
(Type: way, ID: 372071873) Saint Martin's Drive ==> St. Martin's Drive
(Type: way, ID: 372071887) Saint Martin's Drive ==> St. Martin's Drive
(Type: way, ID: 372071899) Saint Martin's Drive ==> St. Martin's Drive
(Type: way, ID: 372071909) Saint Martin's Drive ==> St. Martin's Drive
(Type: way, ID: 372071920) Saint Martin's Drive ==> St. Martin's Drive
(Type: way, ID: 372071930) Saint Martin's Drive ==> St. Martin's Drive
(Type: way, ID: 372071947) Saint Martin's Drive ==> St. Martin's Drive
(Type: way, ID: 372072000) Saint Martin's Drive ==> St. Martin's Drive
(Type: way, ID: 372072005) Saint Martin's Drive ==> St. Martin's Drive
(Type: way, ID: 372072012) Saint Martin's Drive ==> St. Martin's Drive
(Type: way, ID: 372072027) Saint Martin's Drive ==> St. Martin's Drive
(Type: way, ID: 372072035) Saint Martin's Drive ==> St. Martin's Drive
(Type: way, ID: 372072101) Saint Martin's Drive ==> St. Martin's Drive
(Type: way, ID: 372072177) Saint Martin's Drive ==> St. Martin's Drive
(Type: way, ID: 372072235) Saint Martin's Drive ==> St. Martin's Drive
(Type: way, ID: 372072307) Saint Martin's Drive ==> St. Martin's Drive
(Type: way, ID: 383571632) Brighton Ave ==> Brighton Avenue
(Type: way, ID: 386272055) Hougang street 51 ==> Hougang Street 51
(Type: way, ID: 409015811) Airport Blvd ==> Airport Boulevard
(Type: relation, ID: 3246538) Ubi Ave 1 ==> Ubi Avenue 1
