(ID: 600222415, Type: node) Street 81
(ID: 687602981, Type: node) 31 Lower Kent Ridge Rd
(ID: 1655516533, Type: node) Orchard Road, #B1-12/13
(ID: 1660450722, Type: node) Orchard Road, #K-02/03
(ID: 1684134054, Type: node) Blk 10 Ubi Crescent
(ID: 2259614601, Type: node) 180 Ang Mo Kio Avenue 8
(ID: 2463948737, Type: node) 140 Maxwell Road
(ID: 2602703422, Type: node) Rochor Canal Road #02-85
(ID: 2612332504, Type: node) Sims Drive #05-12B
(ID: 2623436026, Type: node) East Coast Road #03-09
(ID: 2625676020, Type: node) East Coast Road #03-14
(ID: 2741464624, Type: node) 252 North Bridge Road
(ID: 2900119956, Type: node) 1013 Geylang East Ave 3
(ID: 3101563328, Type: node) 520 Lorong 6 Toa Payoh
(ID: 3294783403, Type: node) 535 Clementi Road
(ID: 3369890785, Type: node) Jalan Rajah, #01-01, Zhong Shan Park,
(ID: 3369917101, Type: node) Jalan Rajah, #01-02 Zhongshan Park
(ID: 3377436356, Type: node) Rangoon Road #01-02
(ID: 3384042809, Type: node) Ubi Road 1 #01-23
(ID: 3403272179, Type: node) 67, Ubi road 1, Oxley Biz Hub 1, #07-08
(ID: 3611074838, Type: node) 1 Pasir Ris Close
(ID: 4302905848, Type: node) 24, 26 & 28 Dunlop Street
(ID: 4302905954, Type: node) 169-A/B/D and 171-A/B/C/D Bencoolen Street
(ID: 4302906061, Type: node) 769, 771, 773 & 775 North Bridge Road
(ID: 4302906096, Type: node) 43A, 43B, 43C Jalan Besar
(ID: 4302906629, Type: node) 61A/B & 63A/B Pagoda Street
(ID: 4362541394, Type: node) 2 Cox Terrace Fort Canning Park
(ID: 108229624, Type: way) 699 Hougang Street 52
(ID: 158227102, Type: way) 2 Jurong East Central 1
(ID: 162094514, Type: way) 656289
(ID: 169842542, Type: way) Park Regis Singapore 
(ID: 169844052, Type: way) 310074
(ID: 224605071, Type: way) 220 Turf Club Road
(ID: 229882657, Type: way) 38 Draycott Drive
(ID: 229882659, Type: way) 5 Draycott Drive
(ID: 229882661, Type: way) 7 Draycott Drive
(ID: 249836939, Type: way) 535 Upper Changi Road
(ID: 249836940, Type: way) 535 Upper Changi Road
(ID: 386271569, Type: way) Unit : #05-464,  Hougang Street 51
